[INFO ] 2021-04-02 10:44:48 by.htp.les02.dao.impl.SQLUserDAO - AUTHORIZATION
[INFO ] 2021-04-02 10:46:48 by.htp.les02.dao.impl.SQLUserDAO - AUTHORIZATION
[INFO ] 2021-04-02 10:53:58 by.htp.les02.dao.impl.SQLUserDAO - AUTHORIZATION
[INFO ] 2021-04-02 11:11:13 by.htp.les02.dao.impl.SQLUserDAO - AUTHORIZATION
[INFO ] 2021-04-02 11:42:53 by.htp.les02.dao.impl.SQLUserDAO - AUTHORIZATION
[INFO ] 2021-04-02 11:49:35 by.htp.les02.dao.impl.SQLUserDAO - AUTHORIZATION
[INFO ] 2021-04-02 19:16:48 by.htp.les02.dao.impl.SQLUserDAO - AUTHORIZATION
[INFO ] 2021-04-02 19:41:40 by.htp.les02.dao.impl.SQLUserDAO - AUTHORIZATION
[INFO ] 2021-04-02 19:47:28 by.htp.les02.dao.impl.SQLUserDAO - AUTHORIZATION
[INFO ] 2021-04-02 19:48:57 by.htp.les02.dao.impl.SQLUserDAO - AUTHORIZATION
[INFO ] 2021-04-02 19:50:14 by.htp.les02.dao.impl.SQLUserDAO - AUTHORIZATION
[INFO ] 2021-04-02 19:53:34 by.htp.les02.dao.impl.SQLUserDAO - AUTHORIZATION
[INFO ] 2021-04-02 19:57:49 by.htp.les02.dao.impl.SQLUserDAO - AUTHORIZATION
[INFO ] 2021-04-02 20:01:28 by.htp.les02.dao.impl.SQLUserDAO - AUTHORIZATION
[INFO ] 2021-04-02 20:08:14 by.htp.les02.dao.impl.SQLUserDAO - AUTHORIZATION
[INFO ] 2021-04-02 21:20:09 by.htp.les02.dao.impl.SQLUserDAO - AUTHORIZATION
[INFO ] 2021-04-02 21:33:16 by.htp.les02.dao.impl.SQLUserDAO - AUTHORIZATION
[INFO ] 2021-04-02 21:44:58 by.htp.les02.dao.impl.SQLUserDAO - AUTHORIZATION
[INFO ] 2021-04-02 21:47:26 by.htp.les02.dao.impl.SQLUserDAO - AUTHORIZATION
[INFO ] 2021-04-02 21:51:57 by.htp.les02.dao.impl.SQLUserDAO - AUTHORIZATION
[INFO ] 2021-04-02 21:52:06 by.htp.les02.dao.impl.SQLUserDAO - AUTHORIZATION
[INFO ] 2021-04-04 18:31:31 by.htp.les02.dao.impl.SQLUserDAO - AUTHORIZATION
[INFO ] 2021-04-04 18:44:38 by.htp.les02.dao.impl.SQLUserDAO - AUTHORIZATION
[INFO ] 2021-04-04 18:50:03 by.htp.les02.dao.impl.SQLUserDAO - AUTHORIZATION
[INFO ] 2021-04-04 19:25:31 by.htp.les02.dao.impl.SQLUserDAO - AUTHORIZATION
[INFO ] 2021-04-04 19:25:51 by.htp.les02.dao.impl.SQLUserDAO - AUTHORIZATION
[INFO ] 2021-04-04 19:26:27 by.htp.les02.dao.impl.SQLUserDAO - AUTHORIZATION
[INFO ] 2021-04-04 19:26:49 by.htp.les02.dao.impl.SQLUserDAO - AUTHORIZATION
[INFO ] 2021-04-04 20:38:08 by.htp.les02.dao.impl.SQLUserDAO - AUTHORIZATION
[INFO ] 2021-04-04 20:52:52 by.htp.les02.dao.impl.SQLUserDAO - AUTHORIZATION
[INFO ] 2021-04-04 20:53:06 by.htp.les02.dao.impl.SQLUserDAO - AUTHORIZATION
[INFO ] 2021-04-04 21:08:16 by.htp.les02.dao.impl.SQLUserDAO - AUTHORIZATION
[INFO ] 2021-04-05 18:46:27 by.htp.les02.dao.impl.SQLUserDAO - AUTHORIZATION
[INFO ] 2021-04-05 18:50:56 by.htp.les02.dao.impl.SQLUserDAO - AUTHORIZATION
[INFO ] 2021-04-05 18:55:08 by.htp.les02.dao.impl.SQLUserDAO - AUTHORIZATION
[INFO ] 2021-04-05 19:17:54 by.htp.les02.dao.impl.SQLUserDAO - AUTHORIZATION
[INFO ] 2021-04-05 20:06:09 by.htp.les02.dao.impl.SQLUserDAO - AUTHORIZATION
[INFO ] 2021-04-05 20:07:59 by.htp.les02.dao.impl.SQLUserDAO - AUTHORIZATION
[INFO ] 2021-04-05 20:11:05 by.htp.les02.dao.impl.SQLUserDAO - AUTHORIZATION
[INFO ] 2021-04-05 20:25:05 by.htp.les02.dao.impl.SQLUserDAO - AUTHORIZATION
[INFO ] 2021-04-05 21:03:10 by.htp.les02.dao.impl.SQLUserDAO - AUTHORIZATION
[INFO ] 2021-04-05 21:05:19 by.htp.les02.dao.impl.SQLUserDAO - AUTHORIZATION
[INFO ] 2021-04-05 21:07:11 by.htp.les02.dao.impl.SQLUserDAO - AUTHORIZATION
[INFO ] 2021-04-05 21:16:22 by.htp.les02.dao.impl.SQLUserDAO - AUTHORIZATION
[INFO ] 2021-04-05 21:31:17 by.htp.les02.dao.impl.SQLUserDAO - AUTHORIZATION
[INFO ] 2021-04-05 21:41:05 by.htp.les02.dao.impl.SQLUserDAO - AUTHORIZATION
[INFO ] 2021-04-05 21:46:27 by.htp.les02.dao.impl.SQLUserDAO - AUTHORIZATION
[INFO ] 2021-04-05 22:06:17 by.htp.les02.dao.impl.SQLUserDAO - AUTHORIZATION
[INFO ] 2021-04-05 22:06:46 by.htp.les02.dao.impl.SQLUserDAO - AUTHORIZATION
[INFO ] 2021-04-05 22:07:30 by.htp.les02.dao.impl.SQLUserDAO - AUTHORIZATION
[INFO ] 2021-04-05 22:10:21 by.htp.les02.dao.impl.SQLUserDAO - AUTHORIZATION
[INFO ] 2021-04-05 22:10:43 by.htp.les02.dao.impl.SQLUserDAO - AUTHORIZATION
[INFO ] 2021-04-05 22:11:15 by.htp.les02.dao.impl.SQLUserDAO - AUTHORIZATION
[INFO ] 2021-04-05 22:23:32 by.htp.les02.dao.impl.SQLUserDAO - AUTHORIZATION
[INFO ] 2021-04-06 18:48:37 by.htp.les02.dao.impl.SQLUserDAO - AUTHORIZATION
[INFO ] 2021-04-06 18:53:39 by.htp.les02.dao.impl.SQLUserDAO - AUTHORIZATION
[INFO ] 2021-04-06 18:55:31 by.htp.les02.dao.impl.SQLUserDAO - AUTHORIZATION
[INFO ] 2021-04-06 18:57:57 by.htp.les02.dao.impl.SQLUserDAO - AUTHORIZATION
[INFO ] 2021-04-06 19:01:00 by.htp.les02.dao.impl.SQLUserDAO - AUTHORIZATION
[INFO ] 2021-04-06 19:06:19 by.htp.les02.dao.impl.SQLUserDAO - AUTHORIZATION
[INFO ] 2021-04-06 19:09:35 by.htp.les02.dao.impl.SQLUserDAO - AUTHORIZATION
[INFO ] 2021-04-06 19:11:36 by.htp.les02.dao.impl.SQLUserDAO - AUTHORIZATION
[INFO ] 2021-04-06 19:13:38 by.htp.les02.dao.impl.SQLUserDAO - AUTHORIZATION
[INFO ] 2021-04-06 19:15:00 by.htp.les02.dao.impl.SQLUserDAO - AUTHORIZATION
[INFO ] 2021-04-06 19:19:46 by.htp.les02.dao.impl.SQLUserDAO - AUTHORIZATION
[INFO ] 2021-04-06 19:34:28 by.htp.les02.dao.impl.SQLUserDAO - AUTHORIZATION
[INFO ] 2021-04-06 19:35:10 by.htp.les02.dao.impl.SQLUserDAO - AUTHORIZATION
[INFO ] 2021-04-06 19:41:20 by.htp.les02.dao.impl.SQLUserDAO - AUTHORIZATION
[INFO ] 2021-04-06 19:44:17 by.htp.les02.dao.impl.SQLUserDAO - AUTHORIZATION
[INFO ] 2021-04-06 20:02:19 by.htp.les02.dao.impl.SQLUserDAO - AUTHORIZATION
[INFO ] 2021-04-06 20:04:15 by.htp.les02.dao.impl.SQLUserDAO - AUTHORIZATION
[INFO ] 2021-04-06 20:07:24 by.htp.les02.dao.impl.SQLUserDAO - AUTHORIZATION
[INFO ] 2021-04-06 20:08:26 by.htp.les02.dao.impl.SQLUserDAO - AUTHORIZATION
[INFO ] 2021-04-06 20:14:07 by.htp.les02.dao.impl.SQLUserDAO - AUTHORIZATION
[INFO ] 2021-04-06 20:15:37 by.htp.les02.dao.impl.SQLUserDAO - AUTHORIZATION
[INFO ] 2021-04-06 20:17:03 by.htp.les02.dao.impl.SQLUserDAO - AUTHORIZATION
[INFO ] 2021-04-06 20:18:02 by.htp.les02.dao.impl.SQLUserDAO - AUTHORIZATION
[INFO ] 2021-04-06 20:19:42 by.htp.les02.dao.impl.SQLUserDAO - AUTHORIZATION
[INFO ] 2021-04-06 20:20:27 by.htp.les02.dao.impl.SQLUserDAO - AUTHORIZATION
[INFO ] 2021-04-06 20:42:55 by.htp.les02.dao.impl.SQLUserDAO - AUTHORIZATION
[INFO ] 2021-04-06 20:45:54 by.htp.les02.dao.impl.SQLUserDAO - AUTHORIZATION
[INFO ] 2021-04-06 20:55:10 by.htp.les02.dao.impl.SQLUserDAO - AUTHORIZATION
[INFO ] 2021-04-06 21:01:06 by.htp.les02.dao.impl.SQLUserDAO - AUTHORIZATION
[INFO ] 2021-04-06 21:01:16 by.htp.les02.dao.impl.SQLUserDAO - AUTHORIZATION
[INFO ] 2021-04-06 21:12:35 by.htp.les02.dao.impl.SQLUserDAO - AUTHORIZATION
[INFO ] 2021-04-06 21:16:43 by.htp.les02.dao.impl.SQLUserDAO - AUTHORIZATION
[INFO ] 2021-04-06 21:21:39 by.htp.les02.dao.impl.SQLUserDAO - AUTHORIZATION
[INFO ] 2021-04-06 21:24:55 by.htp.les02.dao.impl.SQLUserDAO - AUTHORIZATION
[INFO ] 2021-04-06 21:28:10 by.htp.les02.dao.impl.SQLUserDAO - AUTHORIZATION
[ERROR] 2021-04-07 19:41:20 by.htp.les02.dao.impl.SQLBookDAO - Unknown column 'b_id' in 'where clause'
[ERROR] 2021-04-07 19:41:28 by.htp.les02.dao.impl.SQLBookDAO - Unknown column 'b_id' in 'where clause'
[ERROR] 2021-04-07 19:41:44 by.htp.les02.dao.impl.SQLBookDAO - Unknown column 'b_id' in 'where clause'
[ERROR] 2021-04-07 19:41:47 by.htp.les02.dao.impl.SQLBookDAO - Unknown column 'b_id' in 'where clause'
[ERROR] 2021-04-07 19:44:09 by.htp.les02.dao.impl.SQLBookDAO - Unknown column 'b_id' in 'where clause'
[ERROR] 2021-04-07 19:45:05 by.htp.les02.dao.impl.SQLBookDAO - Unknown column 'b_id' in 'where clause'
[ERROR] 2021-04-08 19:17:49 by.htp.les02.dao.impl.SQLBookDAO - Data truncation: Out of range value for column 'b_release_year' at row 1
[ERROR] 2021-04-08 19:43:07 by.htp.les02.dao.impl.SQLBookDAO - Cannot add or update a child row: a foreign key constraint fails (`new_schema`.`m2m_book_genres`, CONSTRAINT `FK_m2m_book_genres_book_info` FOREIGN KEY (`book_id`) REFERENCES `book_info` (`b_id`) ON DELETE CASCADE ON UPDATE CASCADE)
[ERROR] 2021-04-08 19:49:14 by.htp.les02.dao.impl.SQLBookDAO - Cannot add or update a child row: a foreign key constraint fails (`new_schema`.`m2m_book_genres`, CONSTRAINT `FK_m2m_book_genres_book_info` FOREIGN KEY (`book_id`) REFERENCES `book_info` (`b_id`) ON DELETE CASCADE ON UPDATE CASCADE)
[ERROR] 2021-04-08 19:51:44 by.htp.les02.dao.impl.SQLBookDAO - Cannot add or update a child row: a foreign key constraint fails (`new_schema`.`m2m_book_genres`, CONSTRAINT `FK_m2m_book_genres_book_info` FOREIGN KEY (`book_id`) REFERENCES `book_info` (`b_id`) ON DELETE CASCADE ON UPDATE CASCADE)
[ERROR] 2021-04-08 21:23:22 by.htp.les02.dao.impl.SQLBookDAO - Can not take connection
[ERROR] 2021-04-08 21:23:22 by.htp.les02.dao.impl.SQLBookDAO - Can not take connection
[ERROR] 2021-04-08 21:23:22 by.htp.les02.dao.impl.SQLBookDAO - Can not take connection
[ERROR] 2021-04-08 21:41:49 by.htp.les02.dao.impl.SQLBookDAO - Can not take connection
[ERROR] 2021-04-08 21:50:32 by.htp.les02.dao.impl.SQLBookDAO - Can not take connection
[ERROR] 2021-04-08 21:54:00 by.htp.les02.dao.impl.SQLBookDAO - Can not take connection
[ERROR] 2021-04-08 21:54:00 by.htp.les02.dao.impl.SQLBookDAO - Can not take connection
[ERROR] 2021-04-08 22:15:41 by.htp.les02.dao.impl.SQLBookDAO - Can not take connection
[ERROR] 2021-04-08 22:26:52 by.htp.les02.dao.impl.SQLBookDAO - Can not take connection
[ERROR] 2021-04-08 22:28:59 by.htp.les02.dao.impl.SQLBookDAO - Can not take connection
[ERROR] 2021-04-08 22:28:59 by.htp.les02.dao.impl.SQLBookDAO - Can not take connection
[ERROR] 2021-04-08 22:32:00 by.htp.les02.dao.impl.SQLBookDAO - Can not take connection
[ERROR] 2021-04-08 22:39:52 by.htp.les02.dao.pool.ConnectionPool - Error while taking connection! java.lang.InterruptedException
[ERROR] 2021-04-08 22:39:52 by.htp.les02.dao.impl.SQLBookDAO - Error while taking connection! 
[ERROR] 2021-04-08 22:47:34 by.htp.les02.dao.impl.SQLBookDAO - Can not take connection
[ERROR] 2021-04-14 19:37:43 by.tc.library.dao.impl.SQLBookDAO - Duplicate entry '2' for key 'book_info.PRIMARY'
[ERROR] 2021-04-14 20:00:48 by.tc.library.dao.impl.SQLUserDAO - Cannot add or update a child row: a foreign key constraint fails (`new_schema_test`.`reader`, CONSTRAINT `FK_reader_user` FOREIGN KEY (`r_u_id`) REFERENCES `user` (`u_id`) ON DELETE CASCADE ON UPDATE CASCADE)
